Flutter crash report.
Please report a bug at https://github.com/flutter/flutter/issues.

## command

flutter test --fail-fast --reporter failures-only

## exception

StateError: Bad state: LiveTest.run() may not be called for a closed test.

```
#0      LiveTestController.run (package:test_api/src/backend/live_test_controller.dart:148:7)
#1      new Future.microtask.<anonymous closure> (dart:async/future.dart:285:40)
#2      _rootRun (dart:async/zone.dart:1406:47)
#3      _CustomZone.run (dart:async/zone.dart:1317:19)
#4      _CustomZone.runGuarded (dart:async/zone.dart:1225:7)
#5      _CustomZone.bindCallbackGuarded.<anonymous closure> (dart:async/zone.dart:1265:23)
#6      _rootRun (dart:async/zone.dart:1414:13)
#7      _CustomZone.run (dart:async/zone.dart:1317:19)
#8      _CustomZone.runGuarded (dart:async/zone.dart:1225:7)
#9      _CustomZone.bindCallbackGuarded.<anonymous closure> (dart:async/zone.dart:1265:23)
#10     _microtaskLoop (dart:async/schedule_microtask.dart:40:21)
#11     _startMicrotaskLoop (dart:async/schedule_microtask.dart:49:5)
#12     _runPendingImmediateCallback (dart:isolate-patch/isolate_patch.dart:118:13)
#13     _Timer._runTimers (dart:isolate-patch/timer_impl.dart:405:11)
#14     _Timer._handleMessage (dart:isolate-patch/timer_impl.dart:429:5)
#15     _RawReceivePort._handleMessage (dart:isolate-patch/isolate_patch.dart:184:12)
```

## flutter doctor

```
[32m[✓][39m Flutter (Channel stable, 3.27.2, on Microsoft Windows [Version 10.0.26100.3476], locale en-IL)
    [32m•[39m Flutter version 3.27.2 on channel stable at C:\Users\asafa\dev\flutter
    [32m•[39m Upstream repository https://github.com/flutter/flutter.git
    [32m•[39m Framework revision 68415ad1d9 (10 weeks ago), 2025-01-13 10:22:03 -0800
    [32m•[39m Engine revision e672b006cb
    [32m•[39m Dart version 3.6.1
    [32m•[39m DevTools version 2.40.2

[32m[✓][39m Windows Version (Installed version of Windows is version 10 or higher)

[32m[✓][39m Android toolchain - develop for Android devices (Android SDK version 35.0.0)
    [32m•[39m Android SDK at C:\Users\asafa\AppData\Local\Android\Sdk
    [32m•[39m Platform android-35-ext14, build-tools 35.0.0
    [32m•[39m ANDROID_HOME = C:\Users\asafa\AppData\Local\Android\Sdk
    [32m•[39m ANDROID_SDK_ROOT = C:\Users\asafa\AppData\Local\Android\Sdk
    [32m•[39m Java binary at: C:\Program Files\Android\Android Studio\jbr\bin\java
    [32m•[39m Java version OpenJDK Runtime Environment (build 21.0.3+-12282718-b509.11)
    [32m•[39m All Android licenses accepted.

[32m[✓][39m Chrome - develop for the web
    [32m•[39m Chrome at C:\Program Files\Google\Chrome\Application\chrome.exe

[31m[✗][39m Visual Studio - develop Windows apps
    [31m✗[39m Visual Studio not installed; this is necessary to develop Windows apps.
      Download at https://visualstudio.microsoft.com/downloads/.
      Please install the "Desktop development with C++" workload, including all of its default components

[32m[✓][39m Android Studio (version 2024.2)
    [32m•[39m Android Studio at C:\Program Files\Android\Android Studio
    [32m•[39m Flutter plugin can be installed from:
      🔨 https://plugins.jetbrains.com/plugin/9212-flutter
    [32m•[39m Dart plugin can be installed from:
      🔨 https://plugins.jetbrains.com/plugin/6351-dart
    [32m•[39m Java version OpenJDK Runtime Environment (build 21.0.3+-12282718-b509.11)

[32m[✓][39m VS Code (version 1.95.3)
    [32m•[39m VS Code at C:\Users\asafa\AppData\Local\Programs\Microsoft VS Code
    [32m•[39m Flutter extension version 3.106.0

[32m[✓][39m Connected device (3 available)
    [32m•[39m Windows (desktop) • windows • windows-x64    • Microsoft Windows [Version 10.0.26100.3476]
    [32m•[39m Chrome (web)      • chrome  • web-javascript • Google Chrome 134.0.6998.89
    [32m•[39m Edge (web)        • edge    • web-javascript • Microsoft Edge 134.0.3124.72

[32m[✓][39m Network resources
    [32m•[39m All expected network resources are available.

[33m![39m Doctor found issues in 1 category.
```
